<?xml version="1.0" encoding="UTF-8"?>
<testsuite xmlns:xsi="http://www.w3.org/2001/XMLSchema-instance" xsi:noNamespaceSchemaLocation="https://maven.apache.org/surefire/maven-surefire-plugin/xsd/surefire-test-report.xsd" name="ru.netology.AppTest" time="0.025" tests="1" errors="0" skipped="0" failures="0">
  <properties>
    <property name="java.specification.version" value="14"/>
    <property name="sun.jnu.encoding" value="UTF-8"/>
    <property name="java.class.path" value="/Users/andrejzemlacev/IdeaProjects/hw-jspr-mvc/target/test-classes:/Users/andrejzemlacev/IdeaProjects/hw-jspr-mvc/target/classes:/Users/andrejzemlacev/.m2/repository/javax/servlet/javax.servlet-api/4.0.1/javax.servlet-api-4.0.1.jar:/Users/andrejzemlacev/.m2/repository/org/apache/tomcat/embed/tomcat-embed-core/9.0.39/tomcat-embed-core-9.0.39.jar:/Users/andrejzemlacev/.m2/repository/org/apache/tomcat/tomcat-annotations-api/9.0.39/tomcat-annotations-api-9.0.39.jar:/Users/andrejzemlacev/.m2/repository/org/apache/tomcat/embed/tomcat-embed-jasper/9.0.39/tomcat-embed-jasper-9.0.39.jar:/Users/andrejzemlacev/.m2/repository/org/apache/tomcat/embed/tomcat-embed-el/9.0.39/tomcat-embed-el-9.0.39.jar:/Users/andrejzemlacev/.m2/repository/org/eclipse/jdt/ecj/3.18.0/ecj-3.18.0.jar:/Users/andrejzemlacev/.m2/repository/org/springframework/spring-webmvc/5.2.9.RELEASE/spring-webmvc-5.2.9.RELEASE.jar:/Users/andrejzemlacev/.m2/repository/org/springframework/spring-aop/5.2.9.RELEASE/spring-aop-5.2.9.RELEASE.jar:/Users/andrejzemlacev/.m2/repository/org/springframework/spring-beans/5.2.9.RELEASE/spring-beans-5.2.9.RELEASE.jar:/Users/andrejzemlacev/.m2/repository/org/springframework/spring-context/5.2.9.RELEASE/spring-context-5.2.9.RELEASE.jar:/Users/andrejzemlacev/.m2/repository/org/springframework/spring-core/5.2.9.RELEASE/spring-core-5.2.9.RELEASE.jar:/Users/andrejzemlacev/.m2/repository/org/springframework/spring-jcl/5.2.9.RELEASE/spring-jcl-5.2.9.RELEASE.jar:/Users/andrejzemlacev/.m2/repository/org/springframework/spring-expression/5.2.9.RELEASE/spring-expression-5.2.9.RELEASE.jar:/Users/andrejzemlacev/.m2/repository/org/springframework/spring-web/5.2.9.RELEASE/spring-web-5.2.9.RELEASE.jar:/Users/andrejzemlacev/.m2/repository/com/google/code/gson/gson/2.8.6/gson-2.8.6.jar:/Users/andrejzemlacev/.m2/repository/junit/junit/4.11/junit-4.11.jar:/Users/andrejzemlacev/.m2/repository/org/hamcrest/hamcrest-core/1.3/hamcrest-core-1.3.jar:"/>
    <property name="java.vm.vendor" value="Oracle Corporation"/>
    <property name="sun.arch.data.model" value="64"/>
    <property name="java.vendor.url" value="https://java.oracle.com/"/>
    <property name="os.name" value="Mac OS X"/>
    <property name="java.vm.specification.version" value="14"/>
    <property name="sun.java.launcher" value="SUN_STANDARD"/>
    <property name="user.country" value="RU"/>
    <property name="sun.boot.library.path" value="/Users/andrejzemlacev/Library/Java/JavaVirtualMachines/openjdk-14/Contents/Home/lib"/>
    <property name="sun.java.command" value="/Users/andrejzemlacev/IdeaProjects/hw-jspr-mvc/target/surefire/surefirebooter18323304644945946503.jar /Users/andrejzemlacev/IdeaProjects/hw-jspr-mvc/target/surefire 2021-01-03T03-05-25_404-jvmRun1 surefire4193794877069876089tmp surefire_012971510173772512922tmp"/>
    <property name="http.nonProxyHosts" value="local|*.local|169.254/16|*.169.254/16"/>
    <property name="jdk.debug" value="release"/>
    <property name="surefire.test.class.path" value="/Users/andrejzemlacev/IdeaProjects/hw-jspr-mvc/target/test-classes:/Users/andrejzemlacev/IdeaProjects/hw-jspr-mvc/target/classes:/Users/andrejzemlacev/.m2/repository/javax/servlet/javax.servlet-api/4.0.1/javax.servlet-api-4.0.1.jar:/Users/andrejzemlacev/.m2/repository/org/apache/tomcat/embed/tomcat-embed-core/9.0.39/tomcat-embed-core-9.0.39.jar:/Users/andrejzemlacev/.m2/repository/org/apache/tomcat/tomcat-annotations-api/9.0.39/tomcat-annotations-api-9.0.39.jar:/Users/andrejzemlacev/.m2/repository/org/apache/tomcat/embed/tomcat-embed-jasper/9.0.39/tomcat-embed-jasper-9.0.39.jar:/Users/andrejzemlacev/.m2/repository/org/apache/tomcat/embed/tomcat-embed-el/9.0.39/tomcat-embed-el-9.0.39.jar:/Users/andrejzemlacev/.m2/repository/org/eclipse/jdt/ecj/3.18.0/ecj-3.18.0.jar:/Users/andrejzemlacev/.m2/repository/org/springframework/spring-webmvc/5.2.9.RELEASE/spring-webmvc-5.2.9.RELEASE.jar:/Users/andrejzemlacev/.m2/repository/org/springframework/spring-aop/5.2.9.RELEASE/spring-aop-5.2.9.RELEASE.jar:/Users/andrejzemlacev/.m2/repository/org/springframework/spring-beans/5.2.9.RELEASE/spring-beans-5.2.9.RELEASE.jar:/Users/andrejzemlacev/.m2/repository/org/springframework/spring-context/5.2.9.RELEASE/spring-context-5.2.9.RELEASE.jar:/Users/andrejzemlacev/.m2/repository/org/springframework/spring-core/5.2.9.RELEASE/spring-core-5.2.9.RELEASE.jar:/Users/andrejzemlacev/.m2/repository/org/springframework/spring-jcl/5.2.9.RELEASE/spring-jcl-5.2.9.RELEASE.jar:/Users/andrejzemlacev/.m2/repository/org/springframework/spring-expression/5.2.9.RELEASE/spring-expression-5.2.9.RELEASE.jar:/Users/andrejzemlacev/.m2/repository/org/springframework/spring-web/5.2.9.RELEASE/spring-web-5.2.9.RELEASE.jar:/Users/andrejzemlacev/.m2/repository/com/google/code/gson/gson/2.8.6/gson-2.8.6.jar:/Users/andrejzemlacev/.m2/repository/junit/junit/4.11/junit-4.11.jar:/Users/andrejzemlacev/.m2/repository/org/hamcrest/hamcrest-core/1.3/hamcrest-core-1.3.jar:"/>
    <property name="sun.cpu.endian" value="little"/>
    <property name="user.home" value="/Users/andrejzemlacev"/>
    <property name="user.language" value="ru"/>
    <property name="java.specification.vendor" value="Oracle Corporation"/>
    <property name="java.version.date" value="2020-03-17"/>
    <property name="java.home" value="/Users/andrejzemlacev/Library/Java/JavaVirtualMachines/openjdk-14/Contents/Home"/>
    <property name="file.separator" value="/"/>
    <property name="basedir" value="/Users/andrejzemlacev/IdeaProjects/hw-jspr-mvc"/>
    <property name="java.vm.compressedOopsMode" value="Zero based"/>
    <property name="line.separator" value="&#10;"/>
    <property name="java.specification.name" value="Java Platform API Specification"/>
    <property name="java.vm.specification.vendor" value="Oracle Corporation"/>
    <property name="surefire.real.class.path" value="/Users/andrejzemlacev/IdeaProjects/hw-jspr-mvc/target/surefire/surefirebooter18323304644945946503.jar"/>
    <property name="sun.management.compiler" value="HotSpot 64-Bit Tiered Compilers"/>
    <property name="ftp.nonProxyHosts" value="local|*.local|169.254/16|*.169.254/16"/>
    <property name="java.runtime.version" value="14+36-1461"/>
    <property name="user.name" value="andrejzemlacev"/>
    <property name="path.separator" value=":"/>
    <property name="os.version" value="10.15.7"/>
    <property name="java.runtime.name" value="OpenJDK Runtime Environment"/>
    <property name="file.encoding" value="UTF-8"/>
    <property name="java.vm.name" value="OpenJDK 64-Bit Server VM"/>
    <property name="localRepository" value="/Users/andrejzemlacev/.m2/repository"/>
    <property name="java.vendor.url.bug" value="https://bugreport.java.com/bugreport/"/>
    <property name="java.io.tmpdir" value="/var/folders/g1/9_dlh75s3d7gmtg7m4kdyd380000gn/T/"/>
    <property name="idea.version" value="2020.3.1"/>
    <property name="java.version" value="14"/>
    <property name="user.dir" value="/Users/andrejzemlacev/IdeaProjects/hw-jspr-mvc"/>
    <property name="os.arch" value="x86_64"/>
    <property name="java.vm.specification.name" value="Java Virtual Machine Specification"/>
    <property name="java.library.path" value="/Users/andrejzemlacev/Library/Java/Extensions:/Library/Java/Extensions:/Network/Library/Java/Extensions:/System/Library/Java/Extensions:/usr/lib/java:."/>
    <property name="java.vm.info" value="mixed mode, sharing"/>
    <property name="java.vendor" value="Oracle Corporation"/>
    <property name="java.vm.version" value="14+36-1461"/>
    <property name="sun.io.unicode.encoding" value="UnicodeBig"/>
    <property name="socksNonProxyHosts" value="local|*.local|169.254/16|*.169.254/16"/>
    <property name="java.class.version" value="58.0"/>
  </properties>
  <testcase name="shouldAnswerWithTrue" classname="ru.netology.AppTest" time="0.001"/>
</testsuite>